 ***********INPUT DATA***********
                   家庭成員總數 :               5 人
                   薪資所得人數 :               2 人
 .
# 1
                      個別年薪資 :         1000000 元
                   個別年付利息 :           10000 元
 .
 .
# 2
                      個別年薪資 :          800000 元
                   個別年付利息 :            1000 元
 .
 ***********OUTPUT DATA***********
                            總所得 :         1789000 元
                   扶養親屬人數 :               3 人
       就讀大專院校子女人數 :               1 人
                   身心障礙人數 :               0 人
                   長期照顧人數 :               1 人
                   綜合所得淨額 :          829000 元
                綜合所得稅級距 :               2 級
                         應繳稅額 :           60280 元
