 實際取得金額 =    96400.0000    
 手續費 =    3600.00000    
 ------------------------------------------
 月份 =            1
 當月繳款金額 =    10125.0010    
 累計繳款金額 =    10125.0010    
 當月尚欠總金額 =    89875.0000    
 共需還清時間(單位：年、月) =            0           1
 ------------------------------------------
 月份 =            2
 當月繳款金額 =    9099.84473    
 累計繳款金額 =    19224.8457    
 當月尚欠總金額 =    80775.1562    
 共需還清時間(單位：年、月) =            0           2
 ------------------------------------------
 月份 =            3
 當月繳款金額 =    8178.48535    
 累計繳款金額 =    27403.3320    
 當月尚欠總金額 =    72596.6719    
 共需還清時間(單位：年、月) =            0           3
 ------------------------------------------
 月份 =            4
 當月繳款金額 =    7350.41357    
 累計繳款金額 =    34753.7461    
 當月尚欠總金額 =    65246.2578    
 共需還清時間(單位：年、月) =            0           4
 ------------------------------------------
 月份 =            5
 當月繳款金額 =    6606.18359    
 累計繳款金額 =    41359.9297    
 當月尚欠總金額 =    58640.0742    
 共需還清時間(單位：年、月) =            0           5
 ------------------------------------------
 月份 =            6
 當月繳款金額 =    5937.30811    
 累計繳款金額 =    47297.2383    
 當月尚欠總金額 =    52702.7656    
 共需還清時間(單位：年、月) =            0           6
 ------------------------------------------
 月份 =            7
 當月繳款金額 =    5336.15527    
 累計繳款金額 =    52633.3945    
 當月尚欠總金額 =    47366.6094    
 共需還清時間(單位：年、月) =            0           7
 ------------------------------------------
 月份 =            8
 當月繳款金額 =    4795.86963    
 累計繳款金額 =    57429.2656    
 當月尚欠總金額 =    42570.7383    
 共需還清時間(單位：年、月) =            0           8
 ------------------------------------------
 月份 =            9
 當月繳款金額 =    4310.28760    
 累計繳款金額 =    61739.5547    
 當月尚欠總金額 =    38260.4492    
 共需還清時間(單位：年、月) =            0           9
 ------------------------------------------
 月份 =           10
 當月繳款金額 =    3873.87085    
 累計繳款金額 =    65613.4219    
 當月尚欠總金額 =    34386.5781    
 共需還清時間(單位：年、月) =            0          10
 ------------------------------------------
 月份 =           11
 當月繳款金額 =    3481.64111    
 累計繳款金額 =    69095.0625    
 當月尚欠總金額 =    30904.9375    
 共需還清時間(單位：年、月) =            0          11
 ------------------------------------------
 月份 =           12
 當月繳款金額 =    3129.12500    
 累計繳款金額 =    72224.1875    
 當月尚欠總金額 =    27775.8125    
 共需還清時間(單位：年、月) =            0          12
 ------------------------------------------
 月份 =           13
 當月繳款金額 =    2812.30127    
 累計繳款金額 =    75036.4922    
 當月尚欠總金額 =    24963.5117    
 共需還清時間(單位：年、月) =            1           1
 ------------------------------------------
 月份 =           14
 當月繳款金額 =    2527.55566    
 累計繳款金額 =    77564.0469    
 當月尚欠總金額 =    22435.9570    
 共需還清時間(單位：年、月) =            1           2
 ------------------------------------------
 月份 =           15
 當月繳款金額 =    2271.64087    
 累計繳款金額 =    79835.6875    
 當月尚欠總金額 =    20164.3164    
 共需還清時間(單位：年、月) =            1           3
 ------------------------------------------
 月份 =           16
 當月繳款金額 =    2041.63708    
 累計繳款金額 =    81877.3281    
 當月尚欠總金額 =    18122.6797    
 共需還清時間(單位：年、月) =            1           4
 ------------------------------------------
 月份 =           17
 當月繳款金額 =    1834.92151    
 累計繳款金額 =    83712.2500    
 當月尚欠總金額 =    16287.7578    
 共需還清時間(單位：年、月) =            1           5
 ------------------------------------------
 月份 =           18
 當月繳款金額 =    1649.13562    
 累計繳款金額 =    85361.3828    
 當月尚欠總金額 =    14638.6221    
 共需還清時間(單位：年、月) =            1           6
 ------------------------------------------
 月份 =           19
 當月繳款金額 =    1482.16052    
 累計繳款金額 =    86843.5469    
 當月尚欠總金額 =    13156.4619    
 共需還清時間(單位：年、月) =            1           7
 ------------------------------------------
 月份 =           20
 當月繳款金額 =    1332.09180    
 累計繳款金額 =    88175.6406    
 當月尚欠總金額 =    11824.3701    
 共需還清時間(單位：年、月) =            1           8
 ------------------------------------------
 月份 =           21
 當月繳款金額 =    1197.21765    
 累計繳款金額 =    89372.8594    
 當月尚欠總金額 =    10627.1523    
 共需還清時間(單位：年、月) =            1           9
 ------------------------------------------
 月份 =           22
 當月繳款金額 =    1075.99927    
 累計繳款金額 =    90448.8594    
 當月尚欠總金額 =    9551.15332    
 共需還清時間(單位：年、月) =            1          10
 ------------------------------------------
 月份 =           23
 當月繳款金額 =    967.054321    
 累計繳款金額 =    91415.9141    
 當月尚欠總金額 =    8584.09863    
 共需還清時間(單位：年、月) =            1          11
 ------------------------------------------
 月份 =           24
 當月繳款金額 =    869.140076    
 累計繳款金額 =    92285.0547    
 當月尚欠總金額 =    7714.95850    
 共需還清時間(單位：年、月) =            2           0
 ------------------------------------------
 月份 =           25
 當月繳款金額 =    781.139587    
 累計繳款金額 =    93066.1953    
 當月尚欠總金額 =    6933.81885    
 共需還清時間(單位：年、月) =            2           1
 ------------------------------------------
 月份 =           26
 當月繳款金額 =    702.049194    
 累計繳款金額 =    93768.2422    
 當月尚欠總金額 =    6231.76953    
 共需還清時間(單位：年、月) =            2           2
 ------------------------------------------
 月份 =           27
 當月繳款金額 =    630.966736    
 累計繳款金額 =    94399.2109    
 當月尚欠總金額 =    5600.80273    
 共需還清時間(單位：年、月) =            2           3
 ------------------------------------------
 月份 =           28
 當月繳款金額 =    567.081299    
 累計繳款金額 =    94966.2891    
 當月尚欠總金額 =    5033.72168    
 共需還清時間(單位：年、月) =            2           4
 ------------------------------------------
 月份 =           29
 當月繳款金額 =    509.664368    
 累計繳款金額 =    95475.9531    
 當月尚欠總金額 =    4524.05713    
 共需還清時間(單位：年、月) =            2           5
 ------------------------------------------
 月份 =           30
 當月繳款金額 =    458.060791    
 累計繳款金額 =    95934.0156    
 當月尚欠總金額 =    4065.99634    
 共需還清時間(單位：年、月) =            2           6
 ------------------------------------------
 月份 =           31
 當月繳款金額 =    411.682129    
 累計繳款金額 =    96345.6953    
 當月尚欠總金額 =    3654.31421    
 共需還清時間(單位：年、月) =            2           7
 ------------------------------------------
 月份 =           32
 當月繳款金額 =    369.999359    
 累計繳款金額 =    96715.6953    
 當月尚欠總金額 =    3284.31494    
 共需還清時間(單位：年、月) =            2           8
 ------------------------------------------
 月份 =           33
 當月繳款金額 =    332.536926    
 累計繳款金額 =    97048.2344    
 當月尚欠總金額 =    2951.77808    
 共需還清時間(單位：年、月) =            2           9
 ------------------------------------------
 月份 =           34
 當月繳款金額 =    298.867554    
 累計繳款金額 =    97347.1016    
 當月尚欠總金額 =    2652.91064    
 共需還清時間(單位：年、月) =            2          10
 ------------------------------------------
 月份 =           35
 當月繳款金額 =    268.607239    
 累計繳款金額 =    97615.7109    
 當月尚欠總金額 =    2384.30347    
 共需還清時間(單位：年、月) =            2          11
 ------------------------------------------
 月份 =           36
 當月繳款金額 =    241.410751    
 累計繳款金額 =    97857.1250    
 當月尚欠總金額 =    2142.89282    
 共需還清時間(單位：年、月) =            3           0
 ------------------------------------------
 月份 =           37
 當月繳款金額 =    216.967926    
 累計繳款金額 =    98074.0938    
 當月尚欠總金額 =    1925.92493    
 共需還清時間(單位：年、月) =            3           1
 ------------------------------------------
 月份 =           38
 當月繳款金額 =    194.999908    
 累計繳款金額 =    98269.0938    
 當月尚欠總金額 =    1730.92505    
 共需還清時間(單位：年、月) =            3           2
 ------------------------------------------
 月份 =           39
 當月繳款金額 =    175.256165    
 累計繳款金額 =    98444.3516    
 當月尚欠總金額 =    1555.66895    
 共需還清時間(單位：年、月) =            3           3
 ------------------------------------------
 月份 =           40
 當月繳款金額 =    157.511490    
 累計繳款金額 =    98601.8594    
 當月尚欠總金額 =    1398.15747    
 共需還清時間(單位：年、月) =            3           4
 ------------------------------------------
 月份 =           41
 當月繳款金額 =    141.563461    
 累計繳款金額 =    98743.4219    
 當月尚欠總金額 =    1256.59399    
 共需還清時間(單位：年、月) =            3           5
 ------------------------------------------
 月份 =           42
 當月繳款金額 =    127.230156    
 累計繳款金額 =    98870.6484    
 當月尚欠總金額 =    1129.36389    
 共需還清時間(單位：年、月) =            3           6
 ------------------------------------------
 月份 =           43
 當月繳款金額 =    114.348099    
 累計繳款金額 =    98985.0000    
 當月尚欠總金額 =    1015.01581    
 共需還清時間(單位：年、月) =            3           7
 ------------------------------------------
 月份 =           44
 當月繳款金額 =    102.770363    
 累計繳款金額 =    99087.7734    
 當月尚欠總金額 =    912.245422    
 共需還清時間(單位：年、月) =            3           8
 ------------------------------------------
 月份 =           45
 當月繳款金額 =    912.245422    
 累計繳款金額 =    101250.008    
 當月尚欠總金額 =    0.00000000    
 共需還清時間(單位：年、月) =            3           9
 ------------------------------------------
 總繳款金額比實際取得金額的差值   4850.00781    
